Wed 12 Jul 2023 20:07:13 INFO ██Server: 	Nghia1
Wed 12 Jul 2023 20:07:13 INFO ██Dir: 	D:\KSE

Wed 12 Jul 2023 20:07:48 INFO KSE(
  (vt_gcn): GCN(
    (MLP_user): Linear(in_features=1152, out_features=64, bias=True)
    (MLP): Linear(in_features=1152, out_features=256, bias=True)
    (MLP_1): Linear(in_features=256, out_features=64, bias=True)
    (conv_embed_1): Base_gcn(64, 64)
  )
  (item_graph): Item_Graph_sample()
)
Trainable parameters: 385938
Wed 12 Jul 2023 20:07:49 INFO epoch 0 training [time: 0.21s, train loss: 0.1385]
Wed 12 Jul 2023 20:07:51 INFO test result: 
acc@5: 0.0330    acc@10: 0.0732    acc@20: 0.1597    
Wed 12 Jul 2023 20:07:51 INFO epoch 1 training [time: 0.28s, train loss: 0.1726]
Wed 12 Jul 2023 20:07:53 INFO test result: 
acc@5: 0.0330    acc@10: 0.0732    acc@20: 0.1597    
Wed 12 Jul 2023 20:07:53 INFO epoch 2 training [time: 0.21s, train loss: 0.1327]
Wed 12 Jul 2023 20:07:55 INFO test result: 
acc@5: 0.0330    acc@10: 0.0732    acc@20: 0.1597    
Wed 12 Jul 2023 20:07:55 INFO epoch 3 training [time: 0.23s, train loss: 0.1252]
Wed 12 Jul 2023 20:07:57 INFO test result: 
acc@5: 0.0330    acc@10: 0.0732    acc@20: 0.1597    
Wed 12 Jul 2023 20:07:57 INFO epoch 4 training [time: 0.23s, train loss: 0.1538]
Wed 12 Jul 2023 20:07:59 INFO test result: 
acc@5: 0.0330    acc@10: 0.0732    acc@20: 0.1597    
Wed 12 Jul 2023 20:07:59 INFO epoch 5 training [time: 0.23s, train loss: 0.1962]
Wed 12 Jul 2023 20:08:00 INFO test result: 
acc@5: 0.0330    acc@10: 0.0732    acc@20: 0.1597    
Wed 12 Jul 2023 20:08:01 INFO epoch 6 training [time: 0.23s, train loss: 0.1509]
Wed 12 Jul 2023 20:08:02 INFO test result: 
acc@5: 0.0330    acc@10: 0.0732    acc@20: 0.1597    
Wed 12 Jul 2023 20:08:02 INFO epoch 7 training [time: 0.22s, train loss: 0.1650]
Wed 12 Jul 2023 20:08:04 INFO test result: 
acc@5: 0.0330    acc@10: 0.0732    acc@20: 0.1597    
Wed 12 Jul 2023 20:08:04 INFO epoch 8 training [time: 0.23s, train loss: 0.1791]
Wed 12 Jul 2023 20:08:06 INFO test result: 
acc@5: 0.0330    acc@10: 0.0732    acc@20: 0.1597    
Wed 12 Jul 2023 20:08:06 INFO epoch 9 training [time: 0.23s, train loss: 0.1658]
Wed 12 Jul 2023 20:08:07 INFO test result: 
acc@5: 0.0330    acc@10: 0.0732    acc@20: 0.1597    
Wed 12 Jul 2023 20:08:08 INFO epoch 10 training [time: 0.23s, train loss: 0.1434]
Wed 12 Jul 2023 20:08:09 INFO test result: 
acc@5: 0.0330    acc@10: 0.0732    acc@20: 0.1597    
Wed 12 Jul 2023 20:08:09 INFO epoch 11 training [time: 0.25s, train loss: 0.1485]
Wed 12 Jul 2023 20:08:11 INFO test result: 
acc@5: 0.0330    acc@10: 0.0732    acc@20: 0.1597    
Wed 12 Jul 2023 20:08:11 INFO epoch 12 training [time: 0.24s, train loss: 0.1411]
Wed 12 Jul 2023 20:08:13 INFO test result: 
acc@5: 0.0330    acc@10: 0.0732    acc@20: 0.1597    
Wed 12 Jul 2023 20:08:13 INFO epoch 13 training [time: 0.24s, train loss: 0.1606]
Wed 12 Jul 2023 20:08:15 INFO test result: 
acc@5: 0.0330    acc@10: 0.0732    acc@20: 0.1597    
Wed 12 Jul 2023 20:08:15 INFO epoch 14 training [time: 0.26s, train loss: 0.1541]
Wed 12 Jul 2023 20:08:17 INFO test result: 
acc@5: 0.0330    acc@10: 0.0732    acc@20: 0.1597    
Wed 12 Jul 2023 20:08:17 INFO epoch 15 training [time: 0.23s, train loss: 0.1466]
Wed 12 Jul 2023 20:08:18 INFO test result: 
acc@5: 0.0330    acc@10: 0.0732    acc@20: 0.1597    
Wed 12 Jul 2023 20:08:19 INFO epoch 16 training [time: 0.24s, train loss: 0.1336]
Wed 12 Jul 2023 20:08:20 INFO test result: 
acc@5: 0.0330    acc@10: 0.0732    acc@20: 0.1597    
Wed 12 Jul 2023 20:08:20 INFO epoch 17 training [time: 0.23s, train loss: 0.1539]
Wed 12 Jul 2023 20:08:22 INFO test result: 
acc@5: 0.0330    acc@10: 0.0732    acc@20: 0.1597    
Wed 12 Jul 2023 20:08:22 INFO epoch 18 training [time: 0.22s, train loss: 0.1727]
Wed 12 Jul 2023 20:08:24 INFO test result: 
acc@5: 0.0330    acc@10: 0.0732    acc@20: 0.1597    
Wed 12 Jul 2023 20:08:24 INFO epoch 19 training [time: 0.26s, train loss: 0.1247]
Wed 12 Jul 2023 20:08:26 INFO test result: 
acc@5: 0.0330    acc@10: 0.0732    acc@20: 0.1597    
Wed 12 Jul 2023 20:08:26 INFO epoch 20 training [time: 0.24s, train loss: 0.1421]
Wed 12 Jul 2023 20:08:28 INFO test result: 
acc@5: 0.0330    acc@10: 0.0732    acc@20: 0.1597    
Wed 12 Jul 2023 20:08:28 INFO epoch 21 training [time: 0.24s, train loss: 0.1500]
Wed 12 Jul 2023 20:08:29 INFO test result: 
acc@5: 0.0330    acc@10: 0.0732    acc@20: 0.1597    
Wed 12 Jul 2023 20:08:30 INFO epoch 22 training [time: 0.23s, train loss: 0.1552]
Wed 12 Jul 2023 20:08:31 INFO test result: 
acc@5: 0.0330    acc@10: 0.0732    acc@20: 0.1597    
Wed 12 Jul 2023 20:08:31 INFO epoch 23 training [time: 0.24s, train loss: 0.1401]
Wed 12 Jul 2023 20:08:33 INFO test result: 
acc@5: 0.0330    acc@10: 0.0732    acc@20: 0.1597    
Wed 12 Jul 2023 20:08:33 INFO epoch 24 training [time: 0.25s, train loss: 0.1404]
Wed 12 Jul 2023 20:08:35 INFO test result: 
acc@5: 0.0330    acc@10: 0.0732    acc@20: 0.1597    
Wed 12 Jul 2023 20:08:35 INFO epoch 25 training [time: 0.22s, train loss: 0.1467]
Wed 12 Jul 2023 20:08:37 INFO test result: 
acc@5: 0.0330    acc@10: 0.0732    acc@20: 0.1597    
Wed 12 Jul 2023 20:08:37 INFO epoch 26 training [time: 0.32s, train loss: 0.1210]
Wed 12 Jul 2023 20:08:39 INFO test result: 
acc@5: 0.0330    acc@10: 0.0732    acc@20: 0.1597    
Wed 12 Jul 2023 20:08:39 INFO epoch 27 training [time: 0.26s, train loss: 0.1354]
Wed 12 Jul 2023 20:08:41 INFO test result: 
acc@5: 0.0330    acc@10: 0.0732    acc@20: 0.1597    
Wed 12 Jul 2023 20:08:41 INFO epoch 28 training [time: 0.26s, train loss: 0.1365]
Wed 12 Jul 2023 20:08:43 INFO test result: 
acc@5: 0.0330    acc@10: 0.0732    acc@20: 0.1597    
Wed 12 Jul 2023 20:08:43 INFO epoch 29 training [time: 0.22s, train loss: 0.1389]
Wed 12 Jul 2023 20:08:44 INFO test result: 
acc@5: 0.0330    acc@10: 0.0732    acc@20: 0.1597    
Wed 12 Jul 2023 20:08:45 INFO epoch 30 training [time: 0.24s, train loss: 0.1240]
Wed 12 Jul 2023 20:08:46 INFO test result: 
acc@5: 0.0330    acc@10: 0.0732    acc@20: 0.1597    
Wed 12 Jul 2023 20:08:46 INFO epoch 31 training [time: 0.24s, train loss: 0.1275]
Wed 12 Jul 2023 20:08:48 INFO test result: 
acc@5: 0.0330    acc@10: 0.0732    acc@20: 0.1597    
Wed 12 Jul 2023 20:08:48 INFO epoch 32 training [time: 0.25s, train loss: 0.1409]
Wed 12 Jul 2023 20:08:50 INFO test result: 
acc@5: 0.0330    acc@10: 0.0732    acc@20: 0.1597    
Wed 12 Jul 2023 20:08:50 INFO epoch 33 training [time: 0.24s, train loss: 0.1563]
Wed 12 Jul 2023 20:08:52 INFO test result: 
acc@5: 0.0330    acc@10: 0.0732    acc@20: 0.1597    
Wed 12 Jul 2023 20:08:52 INFO epoch 34 training [time: 0.23s, train loss: 0.1520]
Wed 12 Jul 2023 20:08:53 INFO test result: 
acc@5: 0.0330    acc@10: 0.0732    acc@20: 0.1597    
Wed 12 Jul 2023 20:08:54 INFO epoch 35 training [time: 0.24s, train loss: 0.1254]
Wed 12 Jul 2023 20:08:55 INFO test result: 
acc@5: 0.0330    acc@10: 0.0732    acc@20: 0.1597    
Wed 12 Jul 2023 20:08:55 INFO epoch 36 training [time: 0.26s, train loss: 0.1387]
Wed 12 Jul 2023 20:08:57 INFO test result: 
acc@5: 0.0330    acc@10: 0.0732    acc@20: 0.1597    
Wed 12 Jul 2023 20:08:57 INFO epoch 37 training [time: 0.26s, train loss: 0.1495]
Wed 12 Jul 2023 20:08:59 INFO test result: 
acc@5: 0.0330    acc@10: 0.0732    acc@20: 0.1597    
Wed 12 Jul 2023 20:08:59 INFO epoch 38 training [time: 0.24s, train loss: 0.1733]
Wed 12 Jul 2023 20:09:01 INFO test result: 
acc@5: 0.0330    acc@10: 0.0732    acc@20: 0.1597    
Wed 12 Jul 2023 20:09:01 INFO epoch 39 training [time: 0.26s, train loss: 0.1594]
Wed 12 Jul 2023 20:09:02 INFO test result: 
acc@5: 0.0330    acc@10: 0.0732    acc@20: 0.1597    
Wed 12 Jul 2023 20:09:03 INFO epoch 40 training [time: 0.24s, train loss: 0.1092]
Wed 12 Jul 2023 20:09:04 INFO test result: 
acc@5: 0.0330    acc@10: 0.0732    acc@20: 0.1597    
Wed 12 Jul 2023 20:09:05 INFO epoch 41 training [time: 0.23s, train loss: 0.1318]
Wed 12 Jul 2023 20:09:06 INFO test result: 
acc@5: 0.0330    acc@10: 0.0732    acc@20: 0.1597    
Wed 12 Jul 2023 20:09:06 INFO epoch 42 training [time: 0.23s, train loss: 0.1382]
Wed 12 Jul 2023 20:09:08 INFO test result: 
acc@5: 0.0330    acc@10: 0.0732    acc@20: 0.1597    
Wed 12 Jul 2023 20:09:08 INFO epoch 43 training [time: 0.24s, train loss: 0.1340]
Wed 12 Jul 2023 20:09:10 INFO test result: 
acc@5: 0.0330    acc@10: 0.0732    acc@20: 0.1597    
Wed 12 Jul 2023 20:09:10 INFO epoch 44 training [time: 0.22s, train loss: 0.1337]
Wed 12 Jul 2023 20:09:12 INFO test result: 
acc@5: 0.0330    acc@10: 0.0732    acc@20: 0.1597    
Wed 12 Jul 2023 20:09:12 INFO epoch 45 training [time: 0.26s, train loss: 0.1349]
Wed 12 Jul 2023 20:09:13 INFO test result: 
acc@5: 0.0330    acc@10: 0.0732    acc@20: 0.1597    
Wed 12 Jul 2023 20:09:14 INFO epoch 46 training [time: 0.25s, train loss: 0.1508]
Wed 12 Jul 2023 20:09:15 INFO test result: 
acc@5: 0.0330    acc@10: 0.0732    acc@20: 0.1597    
Wed 12 Jul 2023 20:09:15 INFO epoch 47 training [time: 0.24s, train loss: 0.1252]
Wed 12 Jul 2023 20:09:17 INFO test result: 
acc@5: 0.0330    acc@10: 0.0732    acc@20: 0.1597    
Wed 12 Jul 2023 20:09:17 INFO epoch 48 training [time: 0.24s, train loss: 0.1186]
Wed 12 Jul 2023 20:09:19 INFO test result: 
acc@5: 0.0330    acc@10: 0.0732    acc@20: 0.1597    
Wed 12 Jul 2023 20:09:19 INFO epoch 49 training [time: 0.27s, train loss: 0.1105]
Wed 12 Jul 2023 20:09:21 INFO test result: 
acc@5: 0.0330    acc@10: 0.0732    acc@20: 0.1597    
Wed 12 Jul 2023 20:09:21 INFO epoch 50 training [time: 0.24s, train loss: 0.1093]
Wed 12 Jul 2023 20:09:23 INFO test result: 
acc@5: 0.0330    acc@10: 0.0732    acc@20: 0.1597    
Wed 12 Jul 2023 20:09:23 INFO epoch 51 training [time: 0.25s, train loss: 0.1213]
Wed 12 Jul 2023 20:09:24 INFO test result: 
acc@5: 0.0330    acc@10: 0.0732    acc@20: 0.1597    
Wed 12 Jul 2023 20:09:25 INFO epoch 52 training [time: 0.24s, train loss: 0.1394]
Wed 12 Jul 2023 20:09:26 INFO test result: 
acc@5: 0.0330    acc@10: 0.0732    acc@20: 0.1597    
Wed 12 Jul 2023 20:09:27 INFO epoch 53 training [time: 0.25s, train loss: 0.1691]
Wed 12 Jul 2023 20:09:28 INFO test result: 
acc@5: 0.0330    acc@10: 0.0732    acc@20: 0.1597    
Wed 12 Jul 2023 20:09:29 INFO epoch 54 training [time: 0.23s, train loss: 0.1507]
Wed 12 Jul 2023 20:09:30 INFO test result: 
acc@5: 0.0330    acc@10: 0.0732    acc@20: 0.1597    
Wed 12 Jul 2023 20:09:30 INFO epoch 55 training [time: 0.23s, train loss: 0.1278]
Wed 12 Jul 2023 20:09:32 INFO test result: 
acc@5: 0.0330    acc@10: 0.0732    acc@20: 0.1597    
Wed 12 Jul 2023 20:09:32 INFO epoch 56 training [time: 0.27s, train loss: 0.1191]
Wed 12 Jul 2023 20:09:34 INFO test result: 
acc@5: 0.0330    acc@10: 0.0732    acc@20: 0.1597    
Wed 12 Jul 2023 20:09:34 INFO epoch 57 training [time: 0.24s, train loss: 0.1256]
Wed 12 Jul 2023 20:09:36 INFO test result: 
acc@5: 0.0330    acc@10: 0.0732    acc@20: 0.1597    
Wed 12 Jul 2023 20:09:36 INFO epoch 58 training [time: 0.24s, train loss: 0.1371]
Wed 12 Jul 2023 20:09:38 INFO test result: 
acc@5: 0.0330    acc@10: 0.0732    acc@20: 0.1597    
Wed 12 Jul 2023 20:09:38 INFO epoch 59 training [time: 0.24s, train loss: 0.1407]
Wed 12 Jul 2023 20:09:39 INFO test result: 
acc@5: 0.0330    acc@10: 0.0732    acc@20: 0.1597    
Wed 12 Jul 2023 20:09:40 INFO epoch 60 training [time: 0.23s, train loss: 0.1348]
